node:internal/modules/cjs/loader:959
  throw err;
  ^

Error: Cannot find module 'express'
Require stack:
- /home/u6772355/tikly/index.js
- /usr/local/lsws/fcgi-bin/lsnode.js
    at Function.Module._resolveFilename (node:internal/modules/cjs/loader:956:15)
    at Function.Module._load (node:internal/modules/cjs/loader:804:27)
    at Module.require (node:internal/modules/cjs/loader:1028:19)
    at require (node:internal/modules/cjs/helpers:102:18)
    at Object.<anonymous> (/home/u6772355/tikly/index.js:1:17)
    at Module._compile (node:internal/modules/cjs/loader:1126:14)
    at Object.Module._extensions..js (node:internal/modules/cjs/loader:1180:10)
    at Module.load (node:internal/modules/cjs/loader:1004:32)
    at Function.Module._load (node:internal/modules/cjs/loader:839:12)
    at Module.require (node:internal/modules/cjs/loader:1028:19) {
  code: 'MODULE_NOT_FOUND',
  requireStack: [
    '/home/u6772355/tikly/index.js',
    '/usr/local/lsws/fcgi-bin/lsnode.js'
  ]
}
Sun, 20 Nov 2022 01:35:21 GMT express deprecated req.host: Use req.hostname instead at index.js:131:11
node:internal/modules/cjs/loader:959
  throw err;
  ^

Error: Cannot find module 'express'
Require stack:
- /home/u6772355/tikly/index.js
- /usr/local/lsws/fcgi-bin/lsnode.js
    at Function.Module._resolveFilename (node:internal/modules/cjs/loader:956:15)
    at Function.Module._load (node:internal/modules/cjs/loader:804:27)
    at Module.require (node:internal/modules/cjs/loader:1028:19)
    at require (node:internal/modules/cjs/helpers:102:18)
    at Object.<anonymous> (/home/u6772355/tikly/index.js:1:17)
    at Module._compile (node:internal/modules/cjs/loader:1126:14)
    at Object.Module._extensions..js (node:internal/modules/cjs/loader:1180:10)
    at Module.load (node:internal/modules/cjs/loader:1004:32)
    at Function.Module._load (node:internal/modules/cjs/loader:839:12)
    at Module.require (node:internal/modules/cjs/loader:1028:19) {
  code: 'MODULE_NOT_FOUND',
  requireStack: [
    '/home/u6772355/tikly/index.js',
    '/usr/local/lsws/fcgi-bin/lsnode.js'
  ]
}
node:internal/modules/cjs/loader:959
  throw err;
  ^

Error: Cannot find module 'express'
Require stack:
- /home/u6772355/tikly/index.js
- /usr/local/lsws/fcgi-bin/lsnode.js
    at Function.Module._resolveFilename (node:internal/modules/cjs/loader:956:15)
    at Function.Module._load (node:internal/modules/cjs/loader:804:27)
    at Module.require (node:internal/modules/cjs/loader:1028:19)
    at require (node:internal/modules/cjs/helpers:102:18)
    at Object.<anonymous> (/home/u6772355/tikly/index.js:1:17)
    at Module._compile (node:internal/modules/cjs/loader:1126:14)
    at Object.Module._extensions..js (node:internal/modules/cjs/loader:1180:10)
    at Module.load (node:internal/modules/cjs/loader:1004:32)
    at Function.Module._load (node:internal/modules/cjs/loader:839:12)
    at Module.require (node:internal/modules/cjs/loader:1028:19) {
  code: 'MODULE_NOT_FOUND',
  requireStack: [
    '/home/u6772355/tikly/index.js',
    '/usr/local/lsws/fcgi-bin/lsnode.js'
  ]
}
node:internal/modules/cjs/loader:959
  throw err;
  ^

Error: Cannot find module 'express'
Require stack:
- /home/u6772355/tikly/index.js
- /usr/local/lsws/fcgi-bin/lsnode.js
    at Function.Module._resolveFilename (node:internal/modules/cjs/loader:956:15)
    at Function.Module._load (node:internal/modules/cjs/loader:804:27)
    at Module.require (node:internal/modules/cjs/loader:1028:19)
    at require (node:internal/modules/cjs/helpers:102:18)
    at Object.<anonymous> (/home/u6772355/tikly/index.js:1:17)
    at Module._compile (node:internal/modules/cjs/loader:1126:14)
    at Object.Module._extensions..js (node:internal/modules/cjs/loader:1180:10)
    at Module.load (node:internal/modules/cjs/loader:1004:32)
    at Function.Module._load (node:internal/modules/cjs/loader:839:12)
    at Module.require (node:internal/modules/cjs/loader:1028:19) {
  code: 'MODULE_NOT_FOUND',
  requireStack: [
    '/home/u6772355/tikly/index.js',
    '/usr/local/lsws/fcgi-bin/lsnode.js'
  ]
}
node:internal/modules/cjs/loader:959
  throw err;
  ^

Error: Cannot find module 'express'
Require stack:
- /home/u6772355/tikly/index.js
- /usr/local/lsws/fcgi-bin/lsnode.js
    at Function.Module._resolveFilename (node:internal/modules/cjs/loader:956:15)
    at Function.Module._load (node:internal/modules/cjs/loader:804:27)
    at Module.require (node:internal/modules/cjs/loader:1028:19)
    at require (node:internal/modules/cjs/helpers:102:18)
    at Object.<anonymous> (/home/u6772355/tikly/index.js:1:17)
    at Module._compile (node:internal/modules/cjs/loader:1126:14)
    at Object.Module._extensions..js (node:internal/modules/cjs/loader:1180:10)
    at Module.load (node:internal/modules/cjs/loader:1004:32)
    at Function.Module._load (node:internal/modules/cjs/loader:839:12)
    at Module.require (node:internal/modules/cjs/loader:1028:19) {
  code: 'MODULE_NOT_FOUND',
  requireStack: [
    '/home/u6772355/tikly/index.js',
    '/usr/local/lsws/fcgi-bin/lsnode.js'
  ]
}
node:internal/modules/cjs/loader:959
  throw err;
  ^

Error: Cannot find module 'express'
Require stack:
- /home/u6772355/tikly/index.js
- /usr/local/lsws/fcgi-bin/lsnode.js
    at Function.Module._resolveFilename (node:internal/modules/cjs/loader:956:15)
    at Function.Module._load (node:internal/modules/cjs/loader:804:27)
    at Module.require (node:internal/modules/cjs/loader:1028:19)
    at require (node:internal/modules/cjs/helpers:102:18)
    at Object.<anonymous> (/home/u6772355/tikly/index.js:1:17)
    at Module._compile (node:internal/modules/cjs/loader:1126:14)
    at Object.Module._extensions..js (node:internal/modules/cjs/loader:1180:10)
    at Module.load (node:internal/modules/cjs/loader:1004:32)
    at Function.Module._load (node:internal/modules/cjs/loader:839:12)
    at Module.require (node:internal/modules/cjs/loader:1028:19) {
  code: 'MODULE_NOT_FOUND',
  requireStack: [
    '/home/u6772355/tikly/index.js',
    '/usr/local/lsws/fcgi-bin/lsnode.js'
  ]
}
Sun, 20 Nov 2022 02:20:54 GMT express deprecated req.host: Use req.hostname instead at index.js:144:42
Sun, 20 Nov 2022 02:47:53 GMT express deprecated req.host: Use req.hostname instead at index.js:144:42
Error: Could not find matching close tag for "<%".
    at /home/u6772355/nodevenv/tikly/16/lib/node_modules/ejs/lib/ejs.js:752:19
    at Array.forEach (<anonymous>)
    at Template.generateSource (/home/u6772355/nodevenv/tikly/16/lib/node_modules/ejs/lib/ejs.js:742:15)
    at Template.compile (/home/u6772355/nodevenv/tikly/16/lib/node_modules/ejs/lib/ejs.js:587:12)
    at Object.compile (/home/u6772355/nodevenv/tikly/16/lib/node_modules/ejs/lib/ejs.js:398:16)
    at handleCache (/home/u6772355/nodevenv/tikly/16/lib/node_modules/ejs/lib/ejs.js:235:18)
    at tryHandleCache (/home/u6772355/nodevenv/tikly/16/lib/node_modules/ejs/lib/ejs.js:274:16)
    at View.exports.renderFile [as engine] (/home/u6772355/nodevenv/tikly/16/lib/node_modules/ejs/lib/ejs.js:491:10)
    at View.render (/home/u6772355/nodevenv/tikly/16/lib/node_modules/express/lib/view.js:135:8)
    at tryRender (/home/u6772355/nodevenv/tikly/16/lib/node_modules/express/lib/application.js:657:10)
Error: Could not find matching close tag for "<%".
    at /home/u6772355/nodevenv/tikly/16/lib/node_modules/ejs/lib/ejs.js:752:19
    at Array.forEach (<anonymous>)
    at Template.generateSource (/home/u6772355/nodevenv/tikly/16/lib/node_modules/ejs/lib/ejs.js:742:15)
    at Template.compile (/home/u6772355/nodevenv/tikly/16/lib/node_modules/ejs/lib/ejs.js:587:12)
    at Object.compile (/home/u6772355/nodevenv/tikly/16/lib/node_modules/ejs/lib/ejs.js:398:16)
    at handleCache (/home/u6772355/nodevenv/tikly/16/lib/node_modules/ejs/lib/ejs.js:235:18)
    at tryHandleCache (/home/u6772355/nodevenv/tikly/16/lib/node_modules/ejs/lib/ejs.js:274:16)
    at View.exports.renderFile [as engine] (/home/u6772355/nodevenv/tikly/16/lib/node_modules/ejs/lib/ejs.js:491:10)
    at View.render (/home/u6772355/nodevenv/tikly/16/lib/node_modules/express/lib/view.js:135:8)
    at tryRender (/home/u6772355/nodevenv/tikly/16/lib/node_modules/express/lib/application.js:657:10)
Sun, 20 Nov 2022 08:26:19 GMT express deprecated req.host: Use req.hostname instead at index.js:161:11
Sun, 20 Nov 2022 08:30:38 GMT express deprecated req.host: Use req.hostname instead at index.js:161:11
Sun, 20 Nov 2022 09:22:32 GMT express deprecated req.host: Use req.hostname instead at index.js:161:11
Sun, 20 Nov 2022 09:22:32 GMT express deprecated req.host: Use req.hostname instead at index.js:143:42
Sun, 20 Nov 2022 13:14:01 GMT express deprecated req.host: Use req.hostname instead at index.js:161:11
Sun, 20 Nov 2022 22:27:40 GMT express deprecated req.host: Use req.hostname instead at index.js:143:42
Sun, 20 Nov 2022 22:27:54 GMT express deprecated req.host: Use req.hostname instead at index.js:161:11
Mon, 21 Nov 2022 01:51:23 GMT express deprecated req.host: Use req.hostname instead at index.js:161:11
Mon, 21 Nov 2022 04:34:58 GMT express deprecated req.host: Use req.hostname instead at index.js:161:11
Mon, 21 Nov 2022 11:58:31 GMT express deprecated req.host: Use req.hostname instead at index.js:143:42
Mon, 21 Nov 2022 12:38:19 GMT express deprecated req.host: Use req.hostname instead at index.js:161:11
Mon, 21 Nov 2022 12:38:19 GMT express deprecated req.host: Use req.hostname instead at index.js:143:42
Mon, 21 Nov 2022 13:54:01 GMT express deprecated req.host: Use req.hostname instead at index.js:161:11
